#
# A fatal error has been detected by the Java Runtime Environment:
#
#  EXCEPTION_ACCESS_VIOLATION (0xc0000005) at pc=0x00007ffd3f331a75, pid=21924, tid=34528
#
# JRE version: OpenJDK Runtime Environment (24.0.2+12) (build 24.0.2+12-54)
# Java VM: OpenJDK 64-Bit Server VM (24.0.2+12-54, mixed mode, sharing, tiered, compressed oops, compressed class ptrs, g1 gc, windows-amd64)
# Problematic frame:
# C  [libasyncProfiler.dll+0xa1a75]
#
# No core dump will be written. Minidumps are not enabled by default on client versions of Windows
#
# JFR recording file will be written. Location: C:\Users\luis34288836\Desktop\Desenvolvimento de Sistemas\IntelliJ\Desafios Alura\Desafios API 04\hs_err_pid21924.jfr
#
# If you would like to submit a bug report, please visit:
#   https://bugreport.java.com/bugreport/crash.jsp
# The crash happened outside the Java Virtual Machine in native code.
# See problematic frame for where to report the bug.
#

---------------  S U M M A R Y ------------

Command Line: -javaagent:C:\Program Files\JetBrains\IntelliJ IDEA 2023.2.3\lib\idea_rt.jar=2792:C:\Program Files\JetBrains\IntelliJ IDEA 2023.2.3\bin -agentpath:C:\Users\luis34288836\AppData\Local\Temp\libasyncProfiler.dll=start,jfr,event=wall,interval=10ms,jfrsync=profile,cstack=no,file=C:\Users\luis34288836\IdeaSnapshots\Principal_2025_08_26_142339.jfr,log=C:\Users\luis34288836\AppData\Local\Temp\Principal_2025_08_26_142339.jfr.log.txt,logLevel=DEBUG -Dfile.encoding=UTF-8 -Dsun.stdout.encoding=UTF-8 -Dsun.stderr.encoding=UTF-8 Principal

Host: 13th Gen Intel(R) Core(TM) i7-13700, 24 cores, 15G,  Windows 11 , 64 bit Build 26100 (10.0.26100.4768)
Time: Tue Aug 26 14:23:40 2025 Hora oficial do Brasil elapsed time: 0.409825 seconds (0d 0h 0m 0s)

---------------  T H R E A D  ---------------

Current thread (0x000002be09ca6ac0):  JavaThread "main"             [_thread_in_native, id=34528, stack(0x000000bea0a00000,0x000000bea0b00000) (1024K)]

Stack: [0x000000bea0a00000,0x000000bea0b00000],  sp=0x000000bea0afe800,  free space=1018k
Native frames: (J=compiled Java code, j=interpreted, Vv=VM code, C=native code)
C  [libasyncProfiler.dll+0xa1a75]  (no source info available)
C  [libasyncProfiler.dll+0xa1e1b]  (no source info available)
C  [libasyncProfiler.dll+0xa0c64]  (no source info available)
C  [libasyncProfiler.dll+0xa1547]  (no source info available)
C  [libasyncProfiler.dll+0x9bd8b]  (no source info available)
C  [libasyncProfiler.dll+0x8e524]  (no source info available)
C  [libasyncProfiler.dll+0x8cf80]  (no source info available)
C  [libasyncProfiler.dll+0x8ce54]  (no source info available)
C  [libasyncProfiler.dll+0x9336d]  (no source info available)
V  [jvm.dll+0x5e37ee]  (no source info available)
V  [jvm.dll+0x8862d6]  (no source info available)
V  [jvm.dll+0x495e7e]  (no source info available)
V  [jvm.dll+0x497c51]  (no source info available)
C  [jli.dll+0x52a1]  (no source info available)
C  [ucrtbase.dll+0x37b0]  (no source info available)
C  [KERNEL32.DLL+0x2e8d7]  (no source info available)
C  [ntdll.dll+0x3c34c]  (no source info available)


siginfo: EXCEPTION_ACCESS_VIOLATION (0xc0000005), reading address 0xffffffffffffffff


Registers:
RAX=0x007ffced64301010, RBX=0x0000000000000000, RCX=0x0000000000000010, RDX=0x000002be09ca6ac0
RSP=0x000000bea0afe800, RBP=0x000002be710711b8, RSI=0x000000bea0afe938, RDI=0x000002be710711b8
R8 =0x0000000000000042, R9 =0x0000000714601ed8, R10=0x00007ffced8b9ff0, R11=0x0000000000000002
R12=0x000000bea0afe938, R13=0x000002be065b8cf0, R14=0x000002be09ca6e88, R15=0x0000000000000021
RIP=0x00007ffd3f331a75, EFLAGS=0x0000000000010206

XMM[0]=0x0000000000000000 0x0000000000000000
XMM[1]=0x0000000000000000 0x0000000000000000
XMM[2]=0x0000000000000000 0x0000000000000000
XMM[3]=0x0000000000000000 0x0000000000000000
XMM[4]=0x0000000000000000 0x0000000000000000
XMM[5]=0x0000000000000000 0x0000000000000000
XMM[6]=0x00007ffd3f454300 0x00007ffd3f383e00
XMM[7]=0x000000000000000f 0x0000000000000000
XMM[8]=0x0000000000000000 0x0000000000000000
XMM[9]=0x0000000000000000 0x0000000000000000
XMM[10]=0x0000000000000000 0x0000000000000000
XMM[11]=0x0000000000000000 0x0000000000000000
XMM[12]=0x0000000000000000 0x0000000000000000
XMM[13]=0x0000000000000000 0x0000000000000000
XMM[14]=0x0000000000000000 0x0000000000000000
XMM[15]=0x0000000000000000 0x0000000000000000
  MXCSR=0x00001fa0


Register to memory mapping:

RAX=0x007ffced64301010 is an unknown value
RBX=0x0 is null
RCX=0x0000000000000010 is an unknown value
RDX=0x000002be09ca6ac0 is a thread
RSP=0x000000bea0afe800 is pointing into the stack for thread: 0x000002be09ca6ac0
RBP=0x000002be710711b8 points into unknown readable memory: 0x0000000714601ed8 | d8 1e 60 14 07 00 00 00
RSI=0x000000bea0afe938 is pointing into the stack for thread: 0x000002be09ca6ac0
RDI=0x000002be710711b8 points into unknown readable memory: 0x0000000714601ed8 | d8 1e 60 14 07 00 00 00
R8 =0x0000000000000042 is an unknown value
R9 =0x0000000714601ed8 is an oop: java.lang.Thread 
{0x0000000714601ed8} - klass: 'java/lang/Thread' - flags: 

 - ---- fields (total size 14 words):
 - 'threadLocalRandomProbe' 'I' @12  0 (0x00000000)
 - private volatile 'eetop' 'J' @16  3015231302336 (0x000002be09ca6ac0)
 - private final 'tid' 'J' @24  3 (0x0000000000000003)
 - 'threadLocalRandomSeed' 'J' @32  0 (0x0000000000000000)
 - injected 'jvmti_thread_state' 'J' @40  3015798350848 (0x000002be2b96e400)
 - 'threadLocalRandomSecondarySeed' 'I' @48  0 (0x00000000)
 - injected 'jvmti_VTMS_transition_disable_count' 'I' @52  0 (0x00000000)
 - injected 'jfr_epoch' 'S' @56  0 (0x0000)
 - volatile 'interrupted' 'Z' @58  false (0x00)
 - injected 'jvmti_is_in_VTMS_transition' 'Z' @59  false (0x00)
 - private volatile 'name' 'Ljava/lang/String;' @60  "main"{0x0000000714601f48} (0xe28c03e9)
 - private volatile 'contextClassLoader' 'Ljava/lang/ClassLoader;' @64  a 'jdk/internal/loader/ClassLoaders$AppClassLoader'{0x0000000714617028} (0xe28c2e05)
 - private final 'holder' 'Ljava/lang/Thread$FieldHolder;' @68  a 'java/lang/Thread$FieldHolder'{0x0000000714601f88} (0xe28c03f1)
 - 'threadLocals' 'Ljava/lang/ThreadLocal$ThreadLocalMap;' @72  a 'java/lang/ThreadLocal$ThreadLocalMap'{0x0000000714534e98} (0xe28a69d3)
 - 'inheritableThreadLocals' 'Ljava/lang/ThreadLocal$ThreadLocalMap;' @76  null (0x00000000)
 - private 'scopedValueBindings' 'Ljava/lang/Object;' @80  a 'java/lang/Class'{0x00000007ffe7c2c8} = 'java/lang/Thread' (0xfffcf859)
 - final 'interruptLock' 'Ljava/lang/Object;' @84  a 'java/lang/Object'{0x0000000714601f78} (0xe28c03ef)
 - private volatile 'parkBlocker' 'Ljava/lang/Object;' @88  null (0x00000000)
 - private 'nioBlocker' 'Lsun/nio/ch/Interruptible;' @92  null (0x00000000)
 - private 'cont' 'Ljdk/internal/vm/Continuation;' @96  null (0x00000000)
 - private volatile 'uncaughtExceptionHandler' 'Ljava/lang/Thread$UncaughtExceptionHandler;' @100  null (0x00000000)
 - private 'container' 'Ljdk/internal/vm/ThreadContainer;' @104  null (0x00000000)
 - private volatile 'headStackableScopes' 'Ljdk/internal/vm/StackableScope;' @108  null (0x00000000)
R10=0x00007ffced8b9ff0 jvm.dll
R11=0x0000000000000002 is an unknown value
R12=0x000000bea0afe938 is pointing into the stack for thread: 0x000002be09ca6ac0
R13=0x000002be065b8cf0 points into unknown readable memory: 0x00007ffced82a510 | 10 a5 82 ed fc 7f 00 00
R14=0x000002be09ca6e88 points into unknown readable memory: 0x00007ffced8217b0 | b0 17 82 ed fc 7f 00 00
R15=0x0000000000000021 is an unknown value

Top of Stack: (sp=0x000000bea0afe800)
0x000000bea0afe800:   000000bea0afe938 000002be710711b8   8..........q....
0x000000bea0afe810:   0000000000000000 00000000000006e0   ................
0x000000bea0afe820:   000002be729dc060 00007ffd3f331e1b   `..r......3?....
0x000000bea0afe830:   fffffffffffffffe 000002be09ca6e88   .........n......
0x000000bea0afe840:   0000000000000000 000002be729dc060   ........`..r....
0x000000bea0afe850:   000002be09ca6e88 00007ffd3f330c64   .n......d.3?....
0x000000bea0afe860:   0000000000000000 0000000000000021   ........!.......
0x000000bea0afe870:   0000000000000000 000002be729dc060   ........`..r....
0x000000bea0afe880:   000002be00000009 000002be7117a880   ...........q....
0x000000bea0afe890:   fffffffffffffffe 000002be729dc060   ........`..r....
0x000000bea0afe8a0:   000002be729dc0e4 000002be729dc108   ...r.......r....
0x000000bea0afe8b0:   000000be00006e60 0000000000000000   `n..............
0x000000bea0afe8c0:   0000000000000000 0000000000000000   ................
0x000000bea0afe8d0:   00007ffd3f4cebb0 0000000000000001   ..L?............
0x000000bea0afe8e0:   0000000000000000 0000000000000000   ................
0x000000bea0afe8f0:   00007ffd3f4d4ac0 00007ffd3f331547   .JM?....G.3?....
0x000000bea0afe900:   000002be09ca6e88 00000000000055a4   .n.......U......
0x000000bea0afe910:   000000bea0afe980 00000000ffffffff   ................
0x000000bea0afe920:   000002be2bd72040 000000bea0afea20   @ .+.... .......
0x000000bea0afe930:   000000bea0afead0 000002be729f47b0   .........G.r....
0x000000bea0afe940:   000002be729f4bd0 000002be729f4bd0   .K.r.....K.r....
0x000000bea0afe950:   000002be09ca6e88 000002be09ca6e88   .n.......n......
0x000000bea0afe960:   fffffffffffffffe 00007ffd3f4d4ac0   .........JM?....
0x000000bea0afe970:   000002be06550000 0000000000000000   ..U.............
0x000000bea0afe980:   00007ffd3f4cebb0 00007ffd3f4cebb0   ..L?......L?....
0x000000bea0afe990:   0000000000000000 00007ffd3f4d4b10   .........KM?....
0x000000bea0afe9a0:   0000000000989680 000000bea0afec98   ................
0x000000bea0afe9b0:   000000bea0afeac0 00007ffd3f32bd8b   ..........2?....
0x000000bea0afe9c0:   00007ffd3f4d4b18 00007ffffffeffff   .KM?............
0x000000bea0afe9d0:   00007ffd3f4d4b18 0000000000000018   .KM?............
0x000000bea0afe9e0:   000095721b14051e 0000000000393870   ....r...p89.....
0x000000bea0afe9f0:   0000000000000004 000002be2be7a760   ........`..+....

Instructions: (pc=0x00007ffd3f331a75)
  0x00007ffd3f331975:   cc cc cc cc cc cc cc cc cc cc cc cc cc cc cc cc
  0x00007ffd3f331985:   cc cc cc cc cc cc cc cc cc cc cc cc cc cc cc cc
  0x00007ffd3f331995:   cc cc cc cc cc cc cc cc cc cc cc cc cc cc cc cc
  0x00007ffd3f3319a5:   cc cc cc cc cc cc cc cc cc cc cc cc cc cc cc cc
  0x00007ffd3f3319b5:   cc cc cc cc cc cc cc cc cc cc cc cc cc cc cc cc
  0x00007ffd3f3319c5:   cc cc cc cc cc cc cc cc cc cc cc cc cc cc cc cc
  0x00007ffd3f3319d5:   cc cc cc cc cc cc cc cc cc cc cc cc cc cc cc cc
  0x00007ffd3f3319e5:   cc cc cc cc cc cc cc cc cc cc cc cc cc cc cc cc
  0x00007ffd3f3319f5:   cc cc cc cc cc cc cc cc cc cc cc cc cc cc cc cc
  0x00007ffd3f331a05:   cc cc cc cc cc cc cc cc cc cc cc 40 57 48 83 ec
  0x00007ffd3f331a15:   20 48 8b f9 48 8d 54 24 38 48 8b 0d 5b 32 1a 00
  0x00007ffd3f331a25:   41 b8 06 00 01 00 48 8b 01 4c 8b 48 30 41 ff d1
  0x00007ffd3f331a35:   4c 8b 05 3c 33 1a 00 33 c9 85 c0 48 0f 44 4c 24
  0x00007ffd3f331a45:   38 4d 85 c0 74 33 48 8b 01 48 8b d7 4c 8b 88 28
  0x00007ffd3f331a55:   03 00 00 41 ff d1 48 8b d0 48 85 c0 74 1b 48 63
  0x00007ffd3f331a65:   05 8a d2 19 00 48 63 0d 8f d2 19 00 48 8b 04 10
=>0x00007ffd3f331a75:   8b 04 01 48 83 c4 20 5f c3 80 3d 0f 32 1a 00 00
  0x00007ffd3f331a85:   48 89 5c 24 30 bb ff ff ff ff 74 20 4c 8b 0d c0
  0x00007ffd3f331a95:   2e 1a 00 4c 8d 44 24 38 48 8b 0d a4 2e 1a 00 48
  0x00007ffd3f331aa5:   8b d7 41 ff d1 85 c0 0f 44 5c 24 38 8b c3 48 8b
  0x00007ffd3f331ab5:   5c 24 30 48 83 c4 20 5f c3 cc cc cc cc cc cc cc
  0x00007ffd3f331ac5:   cc cc cc cc cc cc cc cc cc cc cc cc cc cc cc cc
  0x00007ffd3f331ad5:   cc cc cc cc cc cc cc cc cc cc cc cc cc cc cc cc
  0x00007ffd3f331ae5:   cc cc cc cc cc cc cc cc cc cc cc 40 57 48 83 ec
  0x00007ffd3f331af5:   30 48 c7 44 24 20 fe ff ff ff 48 89 5c 24 50 48
  0x00007ffd3f331b05:   8b fa 48 8b d9 48 89 4c 24 40 b9 01 00 00 00 33
  0x00007ffd3f331b15:   c0 f0 0f b1 0b 74 04 f3 90 eb f4 48 8d 53 08 48
  0x00007ffd3f331b25:   8b cf e8 a8 39 f6 ff 90 b8 ff ff ff ff f0 0f c1
  0x00007ffd3f331b35:   03 48 8b c7 48 8b 5c 24 50 48 83 c4 30 5f c3 cc
  0x00007ffd3f331b45:   cc cc cc cc cc cc cc cc cc cc cc cc cc cc cc cc
  0x00007ffd3f331b55:   cc cc cc cc cc cc cc cc cc cc cc 4c 8b c2 48 8b
  0x00007ffd3f331b65:   51 08 48 39 51 10 74 3a 41 8b 00 89 02 33 c0 48


Stack slot to memory mapping:

stack at sp + 0 slots: 0x000000bea0afe938 is pointing into the stack for thread: 0x000002be09ca6ac0
stack at sp + 1 slots: 0x000002be710711b8 points into unknown readable memory: 0x0000000714601ed8 | d8 1e 60 14 07 00 00 00
stack at sp + 2 slots: 0x0 is null
stack at sp + 3 slots: 0x00000000000006e0 is an unknown value
stack at sp + 4 slots: 0x000002be729dc060 points into unknown readable memory: 0x00007f4c00005498 | 98 54 00 00 4c 7f 00 00
stack at sp + 5 slots: 0x00007ffd3f331e1b libasyncProfiler.dll
stack at sp + 6 slots: 0xfffffffffffffffe is an unknown value
stack at sp + 7 slots: 0x000002be09ca6e88 points into unknown readable memory: 0x00007ffced8217b0 | b0 17 82 ed fc 7f 00 00

Lock stack of current Java thread (top to bottom):


---------------  P R O C E S S  ---------------

Threads class SMR info:
_java_thread_list=0x000002be719b65b0, length=20, elements={
0x000002be09ca6ac0, 0x000002be2b8cda70, 0x000002be2b8ce3b0, 0x000002be2b8cf690,
0x000002be2b8d3590, 0x000002be2b8d80d0, 0x000002be2b8dc4d0, 0x000002be2b8e5340,
0x000002be2b8e5ec0, 0x000002be2ba7bae0, 0x000002be2ba7ea20, 0x000002be2bab9420,
0x000002be2bb28720, 0x000002be710603f0, 0x000002be718974d0, 0x000002be7289afd0,
0x000002be727bc980, 0x000002be7157fbc0, 0x000002be719d0d80, 0x000002be719a49b0
}

Java Threads: ( => current thread )
=>0x000002be09ca6ac0 JavaThread "main"                              [_thread_in_native, id=34528, stack(0x000000bea0a00000,0x000000bea0b00000) (1024K)]
  0x000002be2b8cda70 JavaThread "Reference Handler"          daemon [_thread_blocked, id=21880, stack(0x000000bea1200000,0x000000bea1300000) (1024K)]
  0x000002be2b8ce3b0 JavaThread "Finalizer"                  daemon [_thread_blocked, id=32496, stack(0x000000bea1300000,0x000000bea1400000) (1024K)]
  0x000002be2b8cf690 JavaThread "Signal Dispatcher"          daemon [_thread_blocked, id=32408, stack(0x000000bea1400000,0x000000bea1500000) (1024K)]
  0x000002be2b8d3590 JavaThread "Attach Listener"            daemon [_thread_blocked, id=26004, stack(0x000000bea1500000,0x000000bea1600000) (1024K)]
  0x000002be2b8d80d0 JavaThread "Service Thread"             daemon [_thread_blocked, id=34616, stack(0x000000bea1600000,0x000000bea1700000) (1024K)]
  0x000002be2b8dc4d0 JavaThread "Monitor Deflation Thread"   daemon [_thread_blocked, id=26080, stack(0x000000bea1700000,0x000000bea1800000) (1024K)]
  0x000002be2b8e5340 JavaThread "C2 CompilerThread0"         daemon [_thread_blocked, id=16752, stack(0x000000bea1800000,0x000000bea1900000) (1024K)]
  0x000002be2b8e5ec0 JavaThread "C1 CompilerThread0"         daemon [_thread_blocked, id=34748, stack(0x000000bea1900000,0x000000bea1a00000) (1024K)]
  0x000002be2ba7bae0 JavaThread "C1 CompilerThread1"         daemon [_thread_blocked, id=28060, stack(0x000000bea1a00000,0x000000bea1b00000) (1024K)]
  0x000002be2ba7ea20 JavaThread "C1 CompilerThread2"         daemon [_thread_blocked, id=33012, stack(0x000000bea1b00000,0x000000bea1c00000) (1024K)]
  0x000002be2bab9420 JavaThread "C2 CompilerThread1"         daemon [_thread_blocked, id=36532, stack(0x000000bea1c00000,0x000000bea1d00000) (1024K)]
  0x000002be2bb28720 JavaThread "Common-Cleaner"             daemon [_thread_blocked, id=35676, stack(0x000000bea1d00000,0x000000bea1e00000) (1024K)]
  0x000002be710603f0 JavaThread "Monitor Ctrl-Break"         daemon [_thread_in_native, id=6864, stack(0x000000bea1e00000,0x000000bea1f00000) (1024K)]
  0x000002be718974d0 JavaThread "C2 CompilerThread2"         daemon [_thread_blocked, id=25684, stack(0x000000bea2000000,0x000000bea2100000) (1024K)]
  0x000002be7289afd0 JavaThread "JFR Recorder Thread"        daemon [_thread_in_native, id=20708, stack(0x000000bea2100000,0x000000bea2200000) (1024K)]
  0x000002be727bc980 JavaThread "C2 CompilerThread3"         daemon [_thread_blocked, id=14808, stack(0x000000bea2200000,0x000000bea2300000) (1024K)]
  0x000002be7157fbc0 JavaThread "C2 CompilerThread4"         daemon [_thread_blocked, id=31368, stack(0x000000bea2300000,0x000000bea2400000) (1024K)]
  0x000002be719d0d80 JavaThread "C1 CompilerThread3"         daemon [_thread_blocked, id=23908, stack(0x000000bea2400000,0x000000bea2500000) (1024K)]
  0x000002be719a49b0 JavaThread "JFR Periodic Tasks"         daemon [_thread_blocked, id=28256, stack(0x000000bea2500000,0x000000bea2600000) (1024K)]
Total: 20

Other Threads:
  0x000002be2b8bb2f0 VMThread "VM Thread"                           [id=18112, stack(0x000000bea1100000,0x000000bea1200000) (1024K)]
  0x000002be2b7779d0 WatcherThread "VM Periodic Task Thread"        [id=18980, stack(0x000000bea1000000,0x000000bea1100000) (1024K)]
  0x000002be09d12f80 WorkerThread "GC Thread#0"                     [id=32108, stack(0x000000bea0b00000,0x000000bea0c00000) (1024K)]
  0x000002be09d28aa0 ConcurrentGCThread "G1 Main Marker"            [id=29080, stack(0x000000bea0c00000,0x000000bea0d00000) (1024K)]
  0x000002be09d2bc70 WorkerThread "G1 Conc#0"                       [id=24264, stack(0x000000bea0d00000,0x000000bea0e00000) (1024K)]
  0x000002be2b760490 ConcurrentGCThread "G1 Refine#0"               [id=20468, stack(0x000000bea0e00000,0x000000bea0f00000) (1024K)]
  0x000002be2b760dc0 ConcurrentGCThread "G1 Service"                [id=4688, stack(0x000000bea0f00000,0x000000bea1000000) (1024K)]
Total: 7

Threads with active compile tasks:
Total: 0

VM state: not at safepoint (normal execution)

VM Mutex/Monitor currently owned by a thread: None

Heap address: 0x0000000704c00000, size: 4020 MB, Compressed Oops mode: Zero based, Oop shift amount: 3

CDS archive(s) mapped at: [0x000002be2c000000-0x000002be2cd40000-0x000002be2cd40000), size 13893632, SharedBaseAddress: 0x000002be2c000000, ArchiveRelocationMode: 1.
Compressed class space mapped at: 0x000002be2d000000-0x000002be6d000000, reserved size: 1073741824
UseCompressedClassPointers 1, UseCompactObjectHeaders 0
Narrow klass pointer bits 32, Max shift 3
Narrow klass base: 0x000002be2c000000, Narrow klass shift: 0
Encoding Range: [0x000002be2c000000 - 0x000002bf2c000000), (4294967296 bytes)
Klass Range:    [0x000002be2c000000 - 0x000002be6d000000), (1090519040 bytes)
Klass ID Range:  [8 - 1090519033) (1090519025)

GC Precious Log:
 CardTable entry size: 512
 Card Set container configuration: InlinePtr #cards 4 size 8 Array Of Cards #cards 16 size 48 Howl #buckets 8 coarsen threshold 3686 Howl Bitmap #cards 512 size 80 coarsen threshold 460 Card regions per heap region 1 cards per card region 4096
 CPUs: 24 total, 24 available
 Memory: 16072M
 Large Page Support: Disabled
 NUMA Support: Disabled
 Compressed Oops: Enabled (Zero based)
 Heap Region Size: 2M
 Heap Min Capacity: 8M
 Heap Initial Capacity: 252M
 Heap Max Capacity: 4020M
 Pre-touch: Disabled
 Parallel Workers: 18
 Concurrent Workers: 5
 Concurrent Refinement Workers: 18
 Periodic GC: Disabled

Heap:
 garbage-first heap   total reserved 4116480K, committed 260096K, used 19568K [0x0000000704c00000, 0x0000000800000000)
  region size 2048K, 10 young (20480K), 0 survivors (0K)
 Metaspace       used 3530K, committed 3712K, reserved 1114112K
  class space    used 304K, committed 384K, reserved 1048576K

Heap Regions: E=young(eden), S=young(survivor), O=old, HS=humongous(starts), HC=humongous(continues), CS=collection set, F=free, TAMS=top-at-mark-start, PB=parsable bottom
|   0|0x0000000704c00000, 0x0000000704c00000, 0x0000000704e00000|  0%| F|  |TAMS 0x0000000704c00000| PB 0x0000000704c00000| Untracked |  0
|   1|0x0000000704e00000, 0x0000000704e00000, 0x0000000705000000|  0%| F|  |TAMS 0x0000000704e00000| PB 0x0000000704e00000| Untracked |  0
|   2|0x0000000705000000, 0x0000000705000000, 0x0000000705200000|  0%| F|  |TAMS 0x0000000705000000| PB 0x0000000705000000| Untracked |  0
|   3|0x0000000705200000, 0x0000000705200000, 0x0000000705400000|  0%| F|  |TAMS 0x0000000705200000| PB 0x0000000705200000| Untracked |  0
|   4|0x0000000705400000, 0x0000000705400000, 0x0000000705600000|  0%| F|  |TAMS 0x0000000705400000| PB 0x0000000705400000| Untracked |  0
|   5|0x0000000705600000, 0x0000000705600000, 0x0000000705800000|  0%| F|  |TAMS 0x0000000705600000| PB 0x0000000705600000| Untracked |  0
|   6|0x0000000705800000, 0x0000000705800000, 0x0000000705a00000|  0%| F|  |TAMS 0x0000000705800000| PB 0x0000000705800000| Untracked |  0
|   7|0x0000000705a00000, 0x0000000705a00000, 0x0000000705c00000|  0%| F|  |TAMS 0x0000000705a00000| PB 0x0000000705a00000| Untracked |  0
|   8|0x0000000705c00000, 0x0000000705c00000, 0x0000000705e00000|  0%| F|  |TAMS 0x0000000705c00000| PB 0x0000000705c00000| Untracked |  0
|   9|0x0000000705e00000, 0x0000000705e00000, 0x0000000706000000|  0%| F|  |TAMS 0x0000000705e00000| PB 0x0000000705e00000| Untracked |  0
|  10|0x0000000706000000, 0x0000000706000000, 0x0000000706200000|  0%| F|  |TAMS 0x0000000706000000| PB 0x0000000706000000| Untracked |  0
|  11|0x0000000706200000, 0x0000000706200000, 0x0000000706400000|  0%| F|  |TAMS 0x0000000706200000| PB 0x0000000706200000| Untracked |  0
|  12|0x0000000706400000, 0x0000000706400000, 0x0000000706600000|  0%| F|  |TAMS 0x0000000706400000| PB 0x0000000706400000| Untracked |  0
|  13|0x0000000706600000, 0x0000000706600000, 0x0000000706800000|  0%| F|  |TAMS 0x0000000706600000| PB 0x0000000706600000| Untracked |  0
|  14|0x0000000706800000, 0x0000000706800000, 0x0000000706a00000|  0%| F|  |TAMS 0x0000000706800000| PB 0x0000000706800000| Untracked |  0
|  15|0x0000000706a00000, 0x0000000706a00000, 0x0000000706c00000|  0%| F|  |TAMS 0x0000000706a00000| PB 0x0000000706a00000| Untracked |  0
|  16|0x0000000706c00000, 0x0000000706c00000, 0x0000000706e00000|  0%| F|  |TAMS 0x0000000706c00000| PB 0x0000000706c00000| Untracked |  0
|  17|0x0000000706e00000, 0x0000000706e00000, 0x0000000707000000|  0%| F|  |TAMS 0x0000000706e00000| PB 0x0000000706e00000| Untracked |  0
|  18|0x0000000707000000, 0x0000000707000000, 0x0000000707200000|  0%| F|  |TAMS 0x0000000707000000| PB 0x0000000707000000| Untracked |  0
|  19|0x0000000707200000, 0x0000000707200000, 0x0000000707400000|  0%| F|  |TAMS 0x0000000707200000| PB 0x0000000707200000| Untracked |  0
|  20|0x0000000707400000, 0x0000000707400000, 0x0000000707600000|  0%| F|  |TAMS 0x0000000707400000| PB 0x0000000707400000| Untracked |  0
|  21|0x0000000707600000, 0x0000000707600000, 0x0000000707800000|  0%| F|  |TAMS 0x0000000707600000| PB 0x0000000707600000| Untracked |  0
|  22|0x0000000707800000, 0x0000000707800000, 0x0000000707a00000|  0%| F|  |TAMS 0x0000000707800000| PB 0x0000000707800000| Untracked |  0
|  23|0x0000000707a00000, 0x0000000707a00000, 0x0000000707c00000|  0%| F|  |TAMS 0x0000000707a00000| PB 0x0000000707a00000| Untracked |  0
|  24|0x0000000707c00000, 0x0000000707c00000, 0x0000000707e00000|  0%| F|  |TAMS 0x0000000707c00000| PB 0x0000000707c00000| Untracked |  0
|  25|0x0000000707e00000, 0x0000000707e00000, 0x0000000708000000|  0%| F|  |TAMS 0x0000000707e00000| PB 0x0000000707e00000| Untracked |  0
|  26|0x0000000708000000, 0x0000000708000000, 0x0000000708200000|  0%| F|  |TAMS 0x0000000708000000| PB 0x0000000708000000| Untracked |  0
|  27|0x0000000708200000, 0x0000000708200000, 0x0000000708400000|  0%| F|  |TAMS 0x0000000708200000| PB 0x0000000708200000| Untracked |  0
|  28|0x0000000708400000, 0x0000000708400000, 0x0000000708600000|  0%| F|  |TAMS 0x0000000708400000| PB 0x0000000708400000| Untracked |  0
|  29|0x0000000708600000, 0x0000000708600000, 0x0000000708800000|  0%| F|  |TAMS 0x0000000708600000| PB 0x0000000708600000| Untracked |  0
|  30|0x0000000708800000, 0x0000000708800000, 0x0000000708a00000|  0%| F|  |TAMS 0x0000000708800000| PB 0x0000000708800000| Untracked |  0
|  31|0x0000000708a00000, 0x0000000708a00000, 0x0000000708c00000|  0%| F|  |TAMS 0x0000000708a00000| PB 0x0000000708a00000| Untracked |  0
|  32|0x0000000708c00000, 0x0000000708c00000, 0x0000000708e00000|  0%| F|  |TAMS 0x0000000708c00000| PB 0x0000000708c00000| Untracked |  0
|  33|0x0000000708e00000, 0x0000000708e00000, 0x0000000709000000|  0%| F|  |TAMS 0x0000000708e00000| PB 0x0000000708e00000| Untracked |  0
|  34|0x0000000709000000, 0x0000000709000000, 0x0000000709200000|  0%| F|  |TAMS 0x0000000709000000| PB 0x0000000709000000| Untracked |  0
|  35|0x0000000709200000, 0x0000000709200000, 0x0000000709400000|  0%| F|  |TAMS 0x0000000709200000| PB 0x0000000709200000| Untracked |  0
|  36|0x0000000709400000, 0x0000000709400000, 0x0000000709600000|  0%| F|  |TAMS 0x0000000709400000| PB 0x0000000709400000| Untracked |  0
|  37|0x0000000709600000, 0x0000000709600000, 0x0000000709800000|  0%| F|  |TAMS 0x0000000709600000| PB 0x0000000709600000| Untracked |  0
|  38|0x0000000709800000, 0x0000000709800000, 0x0000000709a00000|  0%| F|  |TAMS 0x0000000709800000| PB 0x0000000709800000| Untracked |  0
|  39|0x0000000709a00000, 0x0000000709a00000, 0x0000000709c00000|  0%| F|  |TAMS 0x0000000709a00000| PB 0x0000000709a00000| Untracked |  0
|  40|0x0000000709c00000, 0x0000000709c00000, 0x0000000709e00000|  0%| F|  |TAMS 0x0000000709c00000| PB 0x0000000709c00000| Untracked |  0
|  41|0x0000000709e00000, 0x0000000709e00000, 0x000000070a000000|  0%| F|  |TAMS 0x0000000709e00000| PB 0x0000000709e00000| Untracked |  0
|  42|0x000000070a000000, 0x000000070a000000, 0x000000070a200000|  0%| F|  |TAMS 0x000000070a000000| PB 0x000000070a000000| Untracked |  0
|  43|0x000000070a200000, 0x000000070a200000, 0x000000070a400000|  0%| F|  |TAMS 0x000000070a200000| PB 0x000000070a200000| Untracked |  0
|  44|0x000000070a400000, 0x000000070a400000, 0x000000070a600000|  0%| F|  |TAMS 0x000000070a400000| PB 0x000000070a400000| Untracked |  0
|  45|0x000000070a600000, 0x000000070a600000, 0x000000070a800000|  0%| F|  |TAMS 0x000000070a600000| PB 0x000000070a600000| Untracked |  0
|  46|0x000000070a800000, 0x000000070a800000, 0x000000070aa00000|  0%| F|  |TAMS 0x000000070a800000| PB 0x000000070a800000| Untracked |  0
|  47|0x000000070aa00000, 0x000000070aa00000, 0x000000070ac00000|  0%| F|  |TAMS 0x000000070aa00000| PB 0x000000070aa00000| Untracked |  0
|  48|0x000000070ac00000, 0x000000070ac00000, 0x000000070ae00000|  0%| F|  |TAMS 0x000000070ac00000| PB 0x000000070ac00000| Untracked |  0
|  49|0x000000070ae00000, 0x000000070ae00000, 0x000000070b000000|  0%| F|  |TAMS 0x000000070ae00000| PB 0x000000070ae00000| Untracked |  0
|  50|0x000000070b000000, 0x000000070b000000, 0x000000070b200000|  0%| F|  |TAMS 0x000000070b000000| PB 0x000000070b000000| Untracked |  0
|  51|0x000000070b200000, 0x000000070b200000, 0x000000070b400000|  0%| F|  |TAMS 0x000000070b200000| PB 0x000000070b200000| Untracked |  0
|  52|0x000000070b400000, 0x000000070b400000, 0x000000070b600000|  0%| F|  |TAMS 0x000000070b400000| PB 0x000000070b400000| Untracked |  0
|  53|0x000000070b600000, 0x000000070b600000, 0x000000070b800000|  0%| F|  |TAMS 0x000000070b600000| PB 0x000000070b600000| Untracked |  0
|  54|0x000000070b800000, 0x000000070b800000, 0x000000070ba00000|  0%| F|  |TAMS 0x000000070b800000| PB 0x000000070b800000| Untracked |  0
|  55|0x000000070ba00000, 0x000000070ba00000, 0x000000070bc00000|  0%| F|  |TAMS 0x000000070ba00000| PB 0x000000070ba00000| Untracked |  0
|  56|0x000000070bc00000, 0x000000070bc00000, 0x000000070be00000|  0%| F|  |TAMS 0x000000070bc00000| PB 0x000000070bc00000| Untracked |  0
|  57|0x000000070be00000, 0x000000070be00000, 0x000000070c000000|  0%| F|  |TAMS 0x000000070be00000| PB 0x000000070be00000| Untracked |  0
|  58|0x000000070c000000, 0x000000070c000000, 0x000000070c200000|  0%| F|  |TAMS 0x000000070c000000| PB 0x000000070c000000| Untracked |  0
|  59|0x000000070c200000, 0x000000070c200000, 0x000000070c400000|  0%| F|  |TAMS 0x000000070c200000| PB 0x000000070c200000| Untracked |  0
|  60|0x000000070c400000, 0x000000070c400000, 0x000000070c600000|  0%| F|  |TAMS 0x000000070c400000| PB 0x000000070c400000| Untracked |  0
|  61|0x000000070c600000, 0x000000070c600000, 0x000000070c800000|  0%| F|  |TAMS 0x000000070c600000| PB 0x000000070c600000| Untracked |  0
|  62|0x000000070c800000, 0x000000070c800000, 0x000000070ca00000|  0%| F|  |TAMS 0x000000070c800000| PB 0x000000070c800000| Untracked |  0
|  63|0x000000070ca00000, 0x000000070ca00000, 0x000000070cc00000|  0%| F|  |TAMS 0x000000070ca00000| PB 0x000000070ca00000| Untracked |  0
|  64|0x000000070cc00000, 0x000000070cc00000, 0x000000070ce00000|  0%| F|  |TAMS 0x000000070cc00000| PB 0x000000070cc00000| Untracked |  0
|  65|0x000000070ce00000, 0x000000070ce00000, 0x000000070d000000|  0%| F|  |TAMS 0x000000070ce00000| PB 0x000000070ce00000| Untracked |  0
|  66|0x000000070d000000, 0x000000070d000000, 0x000000070d200000|  0%| F|  |TAMS 0x000000070d000000| PB 0x000000070d000000| Untracked |  0
|  67|0x000000070d200000, 0x000000070d200000, 0x000000070d400000|  0%| F|  |TAMS 0x000000070d200000| PB 0x000000070d200000| Untracked |  0
|  68|0x000000070d400000, 0x000000070d400000, 0x000000070d600000|  0%| F|  |TAMS 0x000000070d400000| PB 0x000000070d400000| Untracked |  0
|  69|0x000000070d600000, 0x000000070d600000, 0x000000070d800000|  0%| F|  |TAMS 0x000000070d600000| PB 0x000000070d600000| Untracked |  0
|  70|0x000000070d800000, 0x000000070d800000, 0x000000070da00000|  0%| F|  |TAMS 0x000000070d800000| PB 0x000000070d800000| Untracked |  0
|  71|0x000000070da00000, 0x000000070da00000, 0x000000070dc00000|  0%| F|  |TAMS 0x000000070da00000| PB 0x000000070da00000| Untracked |  0
|  72|0x000000070dc00000, 0x000000070dc00000, 0x000000070de00000|  0%| F|  |TAMS 0x000000070dc00000| PB 0x000000070dc00000| Untracked |  0
|  73|0x000000070de00000, 0x000000070de00000, 0x000000070e000000|  0%| F|  |TAMS 0x000000070de00000| PB 0x000000070de00000| Untracked |  0
|  74|0x000000070e000000, 0x000000070e000000, 0x000000070e200000|  0%| F|  |TAMS 0x000000070e000000| PB 0x000000070e000000| Untracked |  0
|  75|0x000000070e200000, 0x000000070e200000, 0x000000070e400000|  0%| F|  |TAMS 0x000000070e200000| PB 0x000000070e200000| Untracked |  0
|  76|0x000000070e400000, 0x000000070e400000, 0x000000070e600000|  0%| F|  |TAMS 0x000000070e400000| PB 0x000000070e400000| Untracked |  0
|  77|0x000000070e600000, 0x000000070e600000, 0x000000070e800000|  0%| F|  |TAMS 0x000000070e600000| PB 0x000000070e600000| Untracked |  0
|  78|0x000000070e800000, 0x000000070e800000, 0x000000070ea00000|  0%| F|  |TAMS 0x000000070e800000| PB 0x000000070e800000| Untracked |  0
|  79|0x000000070ea00000, 0x000000070ea00000, 0x000000070ec00000|  0%| F|  |TAMS 0x000000070ea00000| PB 0x000000070ea00000| Untracked |  0
|  80|0x000000070ec00000, 0x000000070ec00000, 0x000000070ee00000|  0%| F|  |TAMS 0x000000070ec00000| PB 0x000000070ec00000| Untracked |  0
|  81|0x000000070ee00000, 0x000000070ee00000, 0x000000070f000000|  0%| F|  |TAMS 0x000000070ee00000| PB 0x000000070ee00000| Untracked |  0
|  82|0x000000070f000000, 0x000000070f000000, 0x000000070f200000|  0%| F|  |TAMS 0x000000070f000000| PB 0x000000070f000000| Untracked |  0
|  83|0x000000070f200000, 0x000000070f200000, 0x000000070f400000|  0%| F|  |TAMS 0x000000070f200000| PB 0x000000070f200000| Untracked |  0
|  84|0x000000070f400000, 0x000000070f400000, 0x000000070f600000|  0%| F|  |TAMS 0x000000070f400000| PB 0x000000070f400000| Untracked |  0
|  85|0x000000070f600000, 0x000000070f600000, 0x000000070f800000|  0%| F|  |TAMS 0x000000070f600000| PB 0x000000070f600000| Untracked |  0
|  86|0x000000070f800000, 0x000000070f800000, 0x000000070fa00000|  0%| F|  |TAMS 0x000000070f800000| PB 0x000000070f800000| Untracked |  0
|  87|0x000000070fa00000, 0x000000070fa00000, 0x000000070fc00000|  0%| F|  |TAMS 0x000000070fa00000| PB 0x000000070fa00000| Untracked |  0
|  88|0x000000070fc00000, 0x000000070fc00000, 0x000000070fe00000|  0%| F|  |TAMS 0x000000070fc00000| PB 0x000000070fc00000| Untracked |  0
|  89|0x000000070fe00000, 0x000000070fe00000, 0x0000000710000000|  0%| F|  |TAMS 0x000000070fe00000| PB 0x000000070fe00000| Untracked |  0
|  90|0x0000000710000000, 0x0000000710000000, 0x0000000710200000|  0%| F|  |TAMS 0x0000000710000000| PB 0x0000000710000000| Untracked |  0
|  91|0x0000000710200000, 0x0000000710200000, 0x0000000710400000|  0%| F|  |TAMS 0x0000000710200000| PB 0x0000000710200000| Untracked |  0
|  92|0x0000000710400000, 0x0000000710400000, 0x0000000710600000|  0%| F|  |TAMS 0x0000000710400000| PB 0x0000000710400000| Untracked |  0
|  93|0x0000000710600000, 0x0000000710600000, 0x0000000710800000|  0%| F|  |TAMS 0x0000000710600000| PB 0x0000000710600000| Untracked |  0
|  94|0x0000000710800000, 0x0000000710800000, 0x0000000710a00000|  0%| F|  |TAMS 0x0000000710800000| PB 0x0000000710800000| Untracked |  0
|  95|0x0000000710a00000, 0x0000000710a00000, 0x0000000710c00000|  0%| F|  |TAMS 0x0000000710a00000| PB 0x0000000710a00000| Untracked |  0
|  96|0x0000000710c00000, 0x0000000710c00000, 0x0000000710e00000|  0%| F|  |TAMS 0x0000000710c00000| PB 0x0000000710c00000| Untracked |  0
|  97|0x0000000710e00000, 0x0000000710e00000, 0x0000000711000000|  0%| F|  |TAMS 0x0000000710e00000| PB 0x0000000710e00000| Untracked |  0
|  98|0x0000000711000000, 0x0000000711000000, 0x0000000711200000|  0%| F|  |TAMS 0x0000000711000000| PB 0x0000000711000000| Untracked |  0
|  99|0x0000000711200000, 0x0000000711200000, 0x0000000711400000|  0%| F|  |TAMS 0x0000000711200000| PB 0x0000000711200000| Untracked |  0
| 100|0x0000000711400000, 0x0000000711400000, 0x0000000711600000|  0%| F|  |TAMS 0x0000000711400000| PB 0x0000000711400000| Untracked |  0
| 101|0x0000000711600000, 0x0000000711600000, 0x0000000711800000|  0%| F|  |TAMS 0x0000000711600000| PB 0x0000000711600000| Untracked |  0
| 102|0x0000000711800000, 0x0000000711800000, 0x0000000711a00000|  0%| F|  |TAMS 0x0000000711800000| PB 0x0000000711800000| Untracked |  0
| 103|0x0000000711a00000, 0x0000000711a00000, 0x0000000711c00000|  0%| F|  |TAMS 0x0000000711a00000| PB 0x0000000711a00000| Untracked |  0
| 104|0x0000000711c00000, 0x0000000711c00000, 0x0000000711e00000|  0%| F|  |TAMS 0x0000000711c00000| PB 0x0000000711c00000| Untracked |  0
| 105|0x0000000711e00000, 0x0000000711e00000, 0x0000000712000000|  0%| F|  |TAMS 0x0000000711e00000| PB 0x0000000711e00000| Untracked |  0
| 106|0x0000000712000000, 0x0000000712000000, 0x0000000712200000|  0%| F|  |TAMS 0x0000000712000000| PB 0x0000000712000000| Untracked |  0
| 107|0x0000000712200000, 0x0000000712200000, 0x0000000712400000|  0%| F|  |TAMS 0x0000000712200000| PB 0x0000000712200000| Untracked |  0
| 108|0x0000000712400000, 0x0000000712400000, 0x0000000712600000|  0%| F|  |TAMS 0x0000000712400000| PB 0x0000000712400000| Untracked |  0
| 109|0x0000000712600000, 0x0000000712600000, 0x0000000712800000|  0%| F|  |TAMS 0x0000000712600000| PB 0x0000000712600000| Untracked |  0
| 110|0x0000000712800000, 0x0000000712800000, 0x0000000712a00000|  0%| F|  |TAMS 0x0000000712800000| PB 0x0000000712800000| Untracked |  0
| 111|0x0000000712a00000, 0x0000000712a00000, 0x0000000712c00000|  0%| F|  |TAMS 0x0000000712a00000| PB 0x0000000712a00000| Untracked |  0
| 112|0x0000000712c00000, 0x0000000712c00000, 0x0000000712e00000|  0%| F|  |TAMS 0x0000000712c00000| PB 0x0000000712c00000| Untracked |  0
| 113|0x0000000712e00000, 0x0000000712e00000, 0x0000000713000000|  0%| F|  |TAMS 0x0000000712e00000| PB 0x0000000712e00000| Untracked |  0
| 114|0x0000000713000000, 0x0000000713000000, 0x0000000713200000|  0%| F|  |TAMS 0x0000000713000000| PB 0x0000000713000000| Untracked |  0
| 115|0x0000000713200000, 0x0000000713200000, 0x0000000713400000|  0%| F|  |TAMS 0x0000000713200000| PB 0x0000000713200000| Untracked |  0
| 116|0x0000000713400000, 0x0000000713600000, 0x0000000713600000|100%| E|  |TAMS 0x0000000713400000| PB 0x0000000713400000| Complete |  0
| 117|0x0000000713600000, 0x0000000713800000, 0x0000000713800000|100%| E|CS|TAMS 0x0000000713600000| PB 0x0000000713600000| Complete |  0
| 118|0x0000000713800000, 0x0000000713a00000, 0x0000000713a00000|100%| E|CS|TAMS 0x0000000713800000| PB 0x0000000713800000| Complete |  0
| 119|0x0000000713a00000, 0x0000000713c00000, 0x0000000713c00000|100%| E|CS|TAMS 0x0000000713a00000| PB 0x0000000713a00000| Complete |  0
| 120|0x0000000713c00000, 0x0000000713e00000, 0x0000000713e00000|100%| E|CS|TAMS 0x0000000713c00000| PB 0x0000000713c00000| Complete |  0
| 121|0x0000000713e00000, 0x0000000714000000, 0x0000000714000000|100%| E|CS|TAMS 0x0000000713e00000| PB 0x0000000713e00000| Complete |  0
| 122|0x0000000714000000, 0x0000000714200000, 0x0000000714200000|100%| E|CS|TAMS 0x0000000714000000| PB 0x0000000714000000| Complete |  0
| 123|0x0000000714200000, 0x0000000714400000, 0x0000000714400000|100%| E|CS|TAMS 0x0000000714200000| PB 0x0000000714200000| Complete |  0
| 124|0x0000000714400000, 0x0000000714600000, 0x0000000714600000|100%| E|CS|TAMS 0x0000000714400000| PB 0x0000000714400000| Complete |  0
| 125|0x0000000714600000, 0x0000000714800000, 0x0000000714800000|100%| E|CS|TAMS 0x0000000714600000| PB 0x0000000714600000| Complete |  0
|2009|0x00000007ffe00000, 0x00000007fff1c330, 0x0000000800000000| 55%| O|  |TAMS 0x00000007ffe00000| PB 0x00000007ffe00000| Untracked |  0

Card table byte_map: [0x000002be23c70000,0x000002be24450000] _byte_map_base: 0x000002be2044a000

Marking Bits: (CMBitMap*) 0x000002be09d13690
 Bits: [0x000002be24450000, 0x000002be28320000)

Polling page: 0x000002be08bf0000

Metaspace:

Usage:
  Non-class:      3.15 MB used.
      Class:    304.37 KB used.
       Both:      3.45 MB used.

Virtual space:
  Non-class space:       64.00 MB reserved,       3.25 MB (  5%) committed,  1 nodes.
      Class space:        1.00 GB reserved,     384.00 KB ( <1%) committed,  1 nodes.
             Both:        1.06 GB reserved,       3.62 MB ( <1%) committed. 

Chunk freelists:
   Non-Class:  11.93 MB
       Class:  15.59 MB
        Both:  27.51 MB

MaxMetaspaceSize: unlimited
CompressedClassSpaceSize: 1.00 GB
Initial GC threshold: 21.00 MB
Current GC threshold: 21.00 MB
CDS: on
 - commit_granule_bytes: 65536.
 - commit_granule_words: 8192.
 - virtual_space_node_default_size: 8388608.
 - enlarge_chunks_in_place: 1.
UseCompressedClassPointers 1, UseCompactObjectHeaders 0
Narrow klass pointer bits 32, Max shift 3
Narrow klass base: 0x000002be2c000000, Narrow klass shift: 0
Encoding Range: [0x000002be2c000000 - 0x000002bf2c000000), (4294967296 bytes)
Klass Range:    [0x000002be2c000000 - 0x000002be6d000000), (1090519040 bytes)
Klass ID Range:  [8 - 1090519033) (1090519025)


Internal statistics:

num_allocs_failed_limit: 0.
num_arena_births: 68.
num_arena_deaths: 0.
num_vsnodes_births: 2.
num_vsnodes_deaths: 0.
num_space_committed: 58.
num_space_uncommitted: 0.
num_chunks_returned_to_freelist: 0.
num_chunks_taken_from_freelist: 74.
num_chunk_merges: 0.
num_chunk_splits: 52.
num_chunks_enlarged: 32.
num_inconsistent_stats: 0.

CodeHeap 'non-profiled nmethods': size=119232Kb used=417Kb max_used=417Kb free=118814Kb
 bounds [0x000002be1ace0000, 0x000002be1af50000, 0x000002be22150000]
CodeHeap 'profiled nmethods': size=119104Kb used=1938Kb max_used=1938Kb free=117165Kb
 bounds [0x000002be13150000, 0x000002be133c0000, 0x000002be1a5a0000]
CodeHeap 'non-nmethods': size=7424Kb used=2975Kb max_used=3041Kb free=4448Kb
 bounds [0x000002be1a5a0000, 0x000002be1a8a0000, 0x000002be1ace0000]
CodeCache: size=245760Kb, used=5330Kb, max_used=5396Kb, free=240427Kb
 total_blobs=1802, nmethods=1346, adapters=358, full_count=0
Compilation: enabled, stopped_count=0, restarted_count=0

Compilation events (20 events):
Event: 0.340 Thread 0x000002be719d0d80 1336       1       jdk.jfr.internal.EventControl::getNamedControls (5 bytes)
Event: 0.340 Thread 0x000002be2ba7ea20 1341       3       java.lang.String::endsWith (15 bytes)
Event: 0.340 Thread 0x000002be2ba7bae0 nmethod 1337 0x000002be1ad42188 code [0x000002be1ad42280, 0x000002be1ad42348]
Event: 0.340 Thread 0x000002be719d0d80 nmethod 1336 0x000002be1ad42488 code [0x000002be1ad42580, 0x000002be1ad42648]
Event: 0.340 Thread 0x000002be2b8e5ec0 nmethod 1338 0x000002be13331d08 code [0x000002be13331fa0, 0x000002be13333420]
Event: 0.341 Thread 0x000002be2ba7bae0 1342       3       java.lang.StringLatin1::getChar (9 bytes)
Event: 0.341 Thread 0x000002be2ba7ea20 nmethod 1341 0x000002be13333508 code [0x000002be13333660, 0x000002be13333c28]
Event: 0.341 Thread 0x000002be2ba7bae0 nmethod 1342 0x000002be13333c88 code [0x000002be13333da0, 0x000002be13333ec0]
Event: 0.341 Thread 0x000002be2bab9420 nmethod 1322 0x000002be1ad42788 code [0x000002be1ad428a0, 0x000002be1ad42c90]
Event: 0.342 Thread 0x000002be7157fbc0 nmethod 1329 0x000002be1ad42d08 code [0x000002be1ad42e20, 0x000002be1ad43428]
Event: 0.344 Thread 0x000002be727bc980 nmethod 1323 0x000002be1ad43488 code [0x000002be1ad435a0, 0x000002be1ad43b18]
Event: 0.344 Thread 0x000002be2ba7ea20 1343       1       jdk.jfr.internal.periodic.EventTask::getEventType (5 bytes)
Event: 0.344 Thread 0x000002be2ba7ea20 nmethod 1343 0x000002be1ad43b88 code [0x000002be1ad43c80, 0x000002be1ad43d48]
Event: 0.345 Thread 0x000002be2ba7ea20 1344       1       jdk.jfr.internal.periodic.PeriodicTask::getPeriod (5 bytes)
Event: 0.345 Thread 0x000002be2ba7bae0 1345       3       java.util.Comparator$$Lambda/0x000002be2d073f88::compare (10 bytes)
Event: 0.345 Thread 0x000002be2b8e5ec0 1346       3       java.util.Comparator::lambda$comparingLong$6043328a$1 (18 bytes)
Event: 0.345 Thread 0x000002be2ba7ea20 nmethod 1344 0x000002be1ad43e88 code [0x000002be1ad43f80, 0x000002be1ad44048]
Event: 0.345 Thread 0x000002be2b8e5ec0 nmethod 1346 0x000002be13333f88 code [0x000002be133340e0, 0x000002be133344d8]
Event: 0.345 Thread 0x000002be2ba7bae0 nmethod 1345 0x000002be13334508 code [0x000002be13334660, 0x000002be13334af0]
Event: 0.348 Thread 0x000002be2b8e5340 nmethod 1306 0x000002be1ad44188 code [0x000002be1ad444a0, 0x000002be1ad48600]

GC Heap History (0 events):
No events

Dll operation events (10 events):
Event: 0.065 Loaded shared library C:\Users\luis34288836\.jdks\openjdk-24.0.2+12-54\bin\java.dll
Event: 0.097 Loaded shared library C:\Users\luis34288836\.jdks\openjdk-24.0.2+12-54\bin\jsvml.dll
Event: 0.118 Loaded shared library C:\Users\luis34288836\.jdks\openjdk-24.0.2+12-54\bin\zip.dll
Event: 0.121 Loaded shared library C:\Users\luis34288836\.jdks\openjdk-24.0.2+12-54\bin\instrument.dll
Event: 0.128 Loaded shared library C:\Users\luis34288836\.jdks\openjdk-24.0.2+12-54\bin\net.dll
Event: 0.135 Loaded shared library C:\Users\luis34288836\.jdks\openjdk-24.0.2+12-54\bin\nio.dll
Event: 0.139 Loaded shared library C:\Users\luis34288836\.jdks\openjdk-24.0.2+12-54\bin\zip.dll
Event: 0.163 Loaded shared library C:\Program Files\JetBrains\IntelliJ IDEA 2023.2.3\bin\breakgen64.dll
Event: 0.172 Loaded shared library C:\Users\luis34288836\.jdks\openjdk-24.0.2+12-54\bin\extnet.dll
Event: 0.204 Loaded shared library C:\Users\luis34288836\.jdks\openjdk-24.0.2+12-54\bin\jimage.dll

Deoptimization events (20 events):
Event: 0.311 Thread 0x000002be09ca6ac0 Uncommon trap: trap_request=0xffffffd6 fr.pc=0x000002be1ad34720 relative=0x00000000000006c0
Event: 0.311 Thread 0x000002be09ca6ac0 Uncommon trap: reason=array_check action=maybe_recompile pc=0x000002be1ad34720 method=jdk.internal.classfile.impl.SplitConstantPool.internalAdd(Ljava/lang/classfile/constantpool/PoolEntry;I)Ljava/lang/classfile/constantpool/PoolEntry; @ 46 c2
Event: 0.311 Thread 0x000002be09ca6ac0 DEOPT PACKING pc=0x000002be1ad34720 sp=0x000000bea0afd1c0
Event: 0.311 Thread 0x000002be09ca6ac0 DEOPT UNPACKING pc=0x000002be1a6b9482 sp=0x000000bea0afd170 mode 2
Event: 0.311 Thread 0x000002be09ca6ac0 Uncommon trap: trap_request=0xffffffd6 fr.pc=0x000002be1ad34720 relative=0x00000000000006c0
Event: 0.311 Thread 0x000002be09ca6ac0 Uncommon trap: reason=array_check action=maybe_recompile pc=0x000002be1ad34720 method=jdk.internal.classfile.impl.SplitConstantPool.internalAdd(Ljava/lang/classfile/constantpool/PoolEntry;I)Ljava/lang/classfile/constantpool/PoolEntry; @ 46 c2
Event: 0.311 Thread 0x000002be09ca6ac0 DEOPT PACKING pc=0x000002be1ad34720 sp=0x000000bea0afd1c0
Event: 0.311 Thread 0x000002be09ca6ac0 DEOPT UNPACKING pc=0x000002be1a6b9482 sp=0x000000bea0afd170 mode 2
Event: 0.311 Thread 0x000002be09ca6ac0 Uncommon trap: trap_request=0xffffffd6 fr.pc=0x000002be1ad34720 relative=0x00000000000006c0
Event: 0.311 Thread 0x000002be09ca6ac0 Uncommon trap: reason=array_check action=maybe_recompile pc=0x000002be1ad34720 method=jdk.internal.classfile.impl.SplitConstantPool.internalAdd(Ljava/lang/classfile/constantpool/PoolEntry;I)Ljava/lang/classfile/constantpool/PoolEntry; @ 46 c2
Event: 0.311 Thread 0x000002be09ca6ac0 DEOPT PACKING pc=0x000002be1ad34720 sp=0x000000bea0afd030
Event: 0.311 Thread 0x000002be09ca6ac0 DEOPT UNPACKING pc=0x000002be1a6b9482 sp=0x000000bea0afcfe0 mode 2
Event: 0.311 Thread 0x000002be09ca6ac0 Uncommon trap: trap_request=0xffffffd6 fr.pc=0x000002be1ad34720 relative=0x00000000000006c0
Event: 0.311 Thread 0x000002be09ca6ac0 Uncommon trap: reason=array_check action=maybe_recompile pc=0x000002be1ad34720 method=jdk.internal.classfile.impl.SplitConstantPool.internalAdd(Ljava/lang/classfile/constantpool/PoolEntry;I)Ljava/lang/classfile/constantpool/PoolEntry; @ 46 c2
Event: 0.311 Thread 0x000002be09ca6ac0 DEOPT PACKING pc=0x000002be1ad34720 sp=0x000000bea0afd010
Event: 0.311 Thread 0x000002be09ca6ac0 DEOPT UNPACKING pc=0x000002be1a6b9482 sp=0x000000bea0afcfc0 mode 2
Event: 0.325 Thread 0x000002be09ca6ac0 Uncommon trap: trap_request=0xffffff4d fr.pc=0x000002be1ad20894 relative=0x00000000000000f4
Event: 0.325 Thread 0x000002be09ca6ac0 Uncommon trap: reason=unstable_if action=reinterpret pc=0x000002be1ad20894 method=java.lang.Long.valueOf(J)Ljava/lang/Long; @ 9 c2
Event: 0.325 Thread 0x000002be09ca6ac0 DEOPT PACKING pc=0x000002be1ad20894 sp=0x000000bea0afe0e0
Event: 0.325 Thread 0x000002be09ca6ac0 DEOPT UNPACKING pc=0x000002be1a6b9482 sp=0x000000bea0afe078 mode 2

Classes loaded (20 events):
Event: 0.321 Loading class jdk/jfr/internal/MetadataWriter
Event: 0.321 Loading class jdk/jfr/internal/MetadataWriter done
Event: 0.321 Loading class jdk/jfr/internal/MetadataDescriptor$Element
Event: 0.321 Loading class jdk/jfr/internal/MetadataDescriptor$Element done
Event: 0.321 Loading class jdk/jfr/internal/MetadataDescriptor$Attribute
Event: 0.321 Loading class jdk/jfr/internal/MetadataDescriptor$Attribute done
Event: 0.326 Loading class jdk/jfr/internal/consumer/StringParser$Encoding
Event: 0.326 Loading class jdk/jfr/internal/consumer/StringParser$Encoding done
Event: 0.332 Loading class jdk/jfr/internal/consumer/RepositoryFiles
Event: 0.333 Loading class jdk/jfr/internal/consumer/RepositoryFiles done
Event: 0.336 Loading class jdk/jfr/internal/SettingsManager$InternalSetting
Event: 0.336 Loading class jdk/jfr/internal/SettingsManager$InternalSetting done
Event: 0.337 Loading class jdk/jfr/internal/util/Rate
Event: 0.338 Loading class jdk/jfr/internal/util/Rate done
Event: 0.338 Loading class jdk/jfr/internal/util/TimespanUnit
Event: 0.338 Loading class jdk/jfr/internal/util/TimespanUnit done
Event: 0.338 Loading class jdk/jfr/internal/util/ValueParser
Event: 0.338 Loading class jdk/jfr/internal/util/ValueParser done
Event: 0.340 Loading class jdk/jfr/internal/periodic/PeriodicType
Event: 0.340 Loading class jdk/jfr/internal/periodic/PeriodicType done

Classes unloaded (0 events):
No events

Classes redefined (0 events):
No events

Internal exceptions (18 events):
Event: 0.143 Thread 0x000002be09ca6ac0 Exception <a 'java/lang/NoSuchMethodError'{0x0000000714551158}: 'void java.lang.invoke.DirectMethodHandle$Holder.invokeStatic(java.lang.Object, java.lang.Object, java.lang.Object)'> (0x0000000714551158) 
thrown [s\open\src\hotspot\share\interpreter\linkResolver.cpp, line 805]
Event: 0.145 Thread 0x000002be09ca6ac0 Exception <a 'java/lang/NoSuchMethodError'{0x0000000714585d18}: 'java.lang.Object java.lang.invoke.Invokers$Holder.invokeExact_MT(java.lang.Object, java.lang.Object, java.lang.Object, java.lang.Object, java.lang.Object)'> (0x0000000714585d18) 
thrown [s\open\src\hotspot\share\interpreter\linkResolver.cpp, line 805]
Event: 0.168 Thread 0x000002be710603f0 Exception <a 'java/lang/NoSuchMethodError'{0x00000007145f0c20}: 'java.lang.Object java.lang.invoke.DirectMethodHandle$Holder.invokeStaticInit(java.lang.Object)'> (0x00000007145f0c20) 
thrown [s\open\src\hotspot\share\interpreter\linkResolver.cpp, line 805]
Event: 0.169 Thread 0x000002be09ca6ac0 Exception <a 'java/lang/NoSuchMethodError'{0x0000000714595d90}: 'java.lang.Object java.lang.invoke.DirectMethodHandle$Holder.invokeStaticInit(java.lang.Object, java.lang.Object, java.lang.Object)'> (0x0000000714595d90) 
thrown [s\open\src\hotspot\share\interpreter\linkResolver.cpp, line 805]
Event: 0.173 Thread 0x000002be710603f0 Exception <a 'java/lang/NoSuchMethodError'{0x00000007145fb880}: 'void java.lang.invoke.DirectMethodHandle$Holder.invokeStatic(java.lang.Object, java.lang.Object)'> (0x00000007145fb880) 
thrown [s\open\src\hotspot\share\interpreter\linkResolver.cpp, line 805]
Event: 0.214 Thread 0x000002be09ca6ac0 Exception <a 'java/lang/NoSuchMethodError'{0x00000007140a1b98}: 'void java.lang.invoke.DirectMethodHandle$Holder.invokeStaticInit(java.lang.Object)'> (0x00000007140a1b98) 
thrown [s\open\src\hotspot\share\interpreter\linkResolver.cpp, line 805]
Event: 0.220 Thread 0x000002be09ca6ac0 Exception <a 'java/lang/NoSuchMethodError'{0x00000007141148d8}: 'void java.lang.invoke.DirectMethodHandle$Holder.invokeSpecial(java.lang.Object, java.lang.Object, java.lang.Object)'> (0x00000007141148d8) 
thrown [s\open\src\hotspot\share\interpreter\linkResolver.cpp, line 805]
Event: 0.226 Thread 0x000002be09ca6ac0 Exception <a 'java/lang/NoSuchMethodError'{0x000000071417beb8}: 'java.lang.Object java.lang.invoke.DirectMethodHandle$Holder.newInvokeSpecial(java.lang.Object, java.lang.Object, java.lang.Object, java.lang.Object, java.lang.Object)'> (0x000000071417beb8) 
thrown [s\open\src\hotspot\share\interpreter\linkResolver.cpp, line 805]
Event: 0.245 Thread 0x000002be09ca6ac0 Exception <a 'java/lang/NoSuchMethodError'{0x0000000713c1d360}: 'long java.lang.invoke.DirectMethodHandle$Holder.invokeVirtual(java.lang.Object, java.lang.Object)'> (0x0000000713c1d360) 
thrown [s\open\src\hotspot\share\interpreter\linkResolver.cpp, line 805]
Event: 0.272 Thread 0x000002be09ca6ac0 Exception <a 'java/lang/NoSuchMethodError'{0x0000000713a720a0}: 'int java.lang.invoke.DirectMethodHandle$Holder.invokeSpecial(java.lang.Object, java.lang.Object, java.lang.Object)'> (0x0000000713a720a0) 
thrown [s\open\src\hotspot\share\interpreter\linkResolver.cpp, line 805]
Event: 0.302 Thread 0x000002be09ca6ac0 Exception <a 'java/lang/NoSuchMethodError'{0x0000000713842878}: 'void java.lang.invoke.DirectMethodHandle$Holder.invokeSpecial(java.lang.Object, java.lang.Object, int)'> (0x0000000713842878) 
thrown [s\open\src\hotspot\share\interpreter\linkResolver.cpp, line 805]
Event: 0.303 Thread 0x000002be09ca6ac0 Exception <a 'java/lang/NoSuchMethodError'{0x000000071384a498}: 'void java.lang.invoke.Invokers$Holder.invokeExact_MT(java.lang.Object, int, java.lang.Object)'> (0x000000071384a498) 
thrown [s\open\src\hotspot\share\interpreter\linkResolver.cpp, line 805]
Event: 0.304 Thread 0x000002be09ca6ac0 Exception <a 'java/lang/NoSuchMethodError'{0x0000000713864d48}: 'void java.lang.invoke.DirectMethodHandle$Holder.invokeStatic(java.lang.Object, java.lang.Object, int)'> (0x0000000713864d48) 
thrown [s\open\src\hotspot\share\interpreter\linkResolver.cpp, line 805]
Event: 0.304 Thread 0x000002be09ca6ac0 Exception <a 'java/lang/NoSuchMethodError'{0x0000000713873e38}: 'java.lang.Object java.lang.invoke.DirectMethodHandle$Holder.newInvokeSpecial(java.lang.Object, java.lang.Object, int)'> (0x0000000713873e38) 
thrown [s\open\src\hotspot\share\interpreter\linkResolver.cpp, line 805]
Event: 0.305 Thread 0x000002be719a49b0 Exception <a 'java/lang/NoSuchMethodError'{0x00000007139ecba8}: 'long java.lang.invoke.DirectMethodHandle$Holder.invokeSpecial(java.lang.Object, java.lang.Object)'> (0x00000007139ecba8) 
thrown [s\open\src\hotspot\share\interpreter\linkResolver.cpp, line 805]
Event: 0.308 Thread 0x000002be09ca6ac0 Exception <a 'sun/nio/fs/WindowsException'{0x00000007138a8d50}> (0x00000007138a8d50) 
thrown [s\open\src\hotspot\share\prims\jni.cpp, line 518]
Event: 0.312 Thread 0x000002be09ca6ac0 Exception <a 'sun/nio/fs/WindowsException'{0x00000007138b5e38}> (0x00000007138b5e38) 
thrown [s\open\src\hotspot\share\prims\jni.cpp, line 518]
Event: 0.318 Thread 0x000002be09ca6ac0 Exception <a 'sun/nio/fs/WindowsException'{0x00000007138c8030}> (0x00000007138c8030) 
thrown [s\open\src\hotspot\share\prims\jni.cpp, line 518]

VM Operations (8 events):
Event: 0.106 Executing VM operation: HandshakeAllThreads (Deoptimize)
Event: 0.106 Executing VM operation: HandshakeAllThreads (Deoptimize) done
Event: 0.306 Executing VM operation: HandshakeAllThreads (Deoptimize)
Event: 0.306 Executing VM operation: HandshakeAllThreads (Deoptimize) done
Event: 0.307 Executing VM operation: HandshakeAllThreads (Deoptimize)
Event: 0.307 Executing VM operation: HandshakeAllThreads (Deoptimize) done
Event: 0.333 Executing VM operation: JFRSafepointClear
Event: 0.333 Executing VM operation: JFRSafepointClear done

Memory protections (0 events):
No events

Nmethod flushes (0 events):
No events

Events (20 events):
Event: 0.078 Thread 0x000002be09ca6ac0 Thread added: 0x000002be09ca6ac0
Event: 0.090 Thread 0x000002be09ca6ac0 Thread added: 0x000002be2b8cda70
Event: 0.090 Thread 0x000002be09ca6ac0 Thread added: 0x000002be2b8ce3b0
Event: 0.090 Thread 0x000002be09ca6ac0 Thread added: 0x000002be2b8cf690
Event: 0.091 Thread 0x000002be09ca6ac0 Thread added: 0x000002be2b8d3590
Event: 0.091 Thread 0x000002be09ca6ac0 Thread added: 0x000002be2b8d80d0
Event: 0.091 Thread 0x000002be09ca6ac0 Thread added: 0x000002be2b8dc4d0
Event: 0.091 Thread 0x000002be09ca6ac0 Thread added: 0x000002be2b8e5340
Event: 0.091 Thread 0x000002be09ca6ac0 Thread added: 0x000002be2b8e5ec0
Event: 0.106 Thread 0x000002be2b8e5ec0 Thread added: 0x000002be2ba7bae0
Event: 0.107 Thread 0x000002be2b8e5ec0 Thread added: 0x000002be2ba7ea20
Event: 0.110 Thread 0x000002be2ba7ea20 Thread added: 0x000002be2bab9420
Event: 0.124 Thread 0x000002be09ca6ac0 Thread added: 0x000002be2bb28720
Event: 0.164 Thread 0x000002be09ca6ac0 Thread added: 0x000002be710603f0
Event: 0.205 Thread 0x000002be2b8e5ec0 Thread added: 0x000002be718974d0
Event: 0.213 Thread 0x000002be09ca6ac0 Thread added: 0x000002be7289afd0
Event: 0.251 Thread 0x000002be2b8e5ec0 Thread added: 0x000002be727bc980
Event: 0.251 Thread 0x000002be2b8e5ec0 Thread added: 0x000002be7157fbc0
Event: 0.282 Thread 0x000002be2b8e5ec0 Thread added: 0x000002be719d0d80
Event: 0.305 Thread 0x000002be09ca6ac0 Thread added: 0x000002be719a49b0


Dynamic libraries:
0x00007ff6c52e0000 - 0x00007ff6c52ee000 	C:\Users\luis34288836\.jdks\openjdk-24.0.2+12-54\bin\java.exe
0x00007ffdd4180000 - 0x00007ffdd43e7000 	C:\WINDOWS\SYSTEM32\ntdll.dll
0x00007ffdd2b90000 - 0x00007ffdd2c59000 	C:\WINDOWS\System32\KERNEL32.DLL
0x00007ffdd1680000 - 0x00007ffdd1a70000 	C:\WINDOWS\System32\KERNELBASE.dll
0x00007ffdd12b0000 - 0x00007ffdd13fb000 	C:\WINDOWS\System32\ucrtbase.dll
0x00007ffdb7d20000 - 0x00007ffdb7d3b000 	C:\Users\luis34288836\.jdks\openjdk-24.0.2+12-54\bin\VCRUNTIME140.dll
0x00007ffd961f0000 - 0x00007ffd96206000 	C:\Users\luis34288836\.jdks\openjdk-24.0.2+12-54\bin\jli.dll
0x00007ffdd39e0000 - 0x00007ffdd3ba5000 	C:\WINDOWS\System32\USER32.dll
0x00007ffdd1c00000 - 0x00007ffdd1c27000 	C:\WINDOWS\System32\win32u.dll
0x00007ffdd2a40000 - 0x00007ffdd2a6b000 	C:\WINDOWS\System32\GDI32.dll
0x00007ffdd14b0000 - 0x00007ffdd15e8000 	C:\WINDOWS\System32\gdi32full.dll
0x00007ffdd1400000 - 0x00007ffdd14a3000 	C:\WINDOWS\System32\msvcp_win.dll
0x00007ffdb5450000 - 0x00007ffdb56ea000 	C:\WINDOWS\WinSxS\amd64_microsoft.windows.common-controls_6595b64144ccf1df_6.0.26100.4768_none_3e0c112ce331287c\COMCTL32.dll
0x00007ffdd4090000 - 0x00007ffdd4139000 	C:\WINDOWS\System32\msvcrt.dll
0x00007ffdd23d0000 - 0x00007ffdd23ff000 	C:\WINDOWS\System32\IMM32.DLL
0x00007ffdc5320000 - 0x00007ffdc547b000 	C:\WINDOWS\system32\tmumh\20019\AddOn\8.55.0.1350\TmUmEvt64.dll
0x00007ffdd3060000 - 0x00007ffdd3068000 	C:\WINDOWS\System32\PSAPI.DLL
0x00007ffdd3fd0000 - 0x00007ffdd4084000 	C:\WINDOWS\System32\ADVAPI32.dll
0x00007ffdd1f10000 - 0x00007ffdd1fb6000 	C:\WINDOWS\System32\sechost.dll
0x00007ffdd2490000 - 0x00007ffdd25a8000 	C:\WINDOWS\System32\RPCRT4.dll
0x00000000760d0000 - 0x00000000761f5000 	C:\WINDOWS\system32\tmumh\20019\TmMon\2.9.0.1217\tmmon64.dll
0x00007ffdb14e0000 - 0x00007ffdb181f000 	C:\WINDOWS\System32\TmLWE\TmUmSnsr64\1.0.0.1151\TmUmSnsr64.dll
0x00007ffdcfff0000 - 0x00007ffdd000b000 	C:\WINDOWS\SYSTEM32\kernel.appcore.dll
0x00007ffdc11a0000 - 0x00007ffdc11ac000 	C:\Users\luis34288836\.jdks\openjdk-24.0.2+12-54\bin\vcruntime140_1.dll
0x00007ffd95910000 - 0x00007ffd9599e000 	C:\Users\luis34288836\.jdks\openjdk-24.0.2+12-54\bin\msvcp140.dll
0x00007ffcecbf0000 - 0x00007ffced991000 	C:\Users\luis34288836\.jdks\openjdk-24.0.2+12-54\bin\server\jvm.dll
0x00007ffdd21a0000 - 0x00007ffdd2214000 	C:\WINDOWS\System32\WS2_32.dll
0x00007ffdd0b00000 - 0x00007ffdd0b5e000 	C:\WINDOWS\SYSTEM32\POWRPROF.dll
0x00007ffdcd3d0000 - 0x00007ffdcd405000 	C:\WINDOWS\SYSTEM32\WINMM.dll
0x00007ffdc9cc0000 - 0x00007ffdc9ccb000 	C:\WINDOWS\SYSTEM32\VERSION.dll
0x00007ffdd0ae0000 - 0x00007ffdd0af4000 	C:\WINDOWS\SYSTEM32\UMPDC.dll
0x00007ffdc0020000 - 0x00007ffdc002a000 	C:\Users\luis34288836\.jdks\openjdk-24.0.2+12-54\bin\jimage.dll
0x00007ffdce5d0000 - 0x00007ffdce811000 	C:\WINDOWS\SYSTEM32\DBGHELP.DLL
0x000002be094e0000 - 0x000002be09865000 	C:\WINDOWS\System32\combase.dll
0x00007ffdd1fc0000 - 0x00007ffdd20a0000 	C:\WINDOWS\System32\OLEAUT32.dll
0x00007ffdb8920000 - 0x00007ffdb8963000 	C:\WINDOWS\SYSTEM32\dbgcore.DLL
0x00007ffdd1e70000 - 0x00007ffdd1f09000 	C:\WINDOWS\System32\bcryptPrimitives.dll
0x00007ffdbf6e0000 - 0x00007ffdbf6ef000 	C:\Users\luis34288836\.jdks\openjdk-24.0.2+12-54\bin\instrument.dll
0x00007ffd958f0000 - 0x00007ffd9590e000 	C:\Users\luis34288836\.jdks\openjdk-24.0.2+12-54\bin\java.dll
0x00007ffdd2220000 - 0x00007ffdd23c0000 	C:\WINDOWS\System32\ole32.dll
0x00007ffdd3220000 - 0x00007ffdd396d000 	C:\WINDOWS\System32\SHELL32.dll
0x00007ffdd1a80000 - 0x00007ffdd1bf3000 	C:\WINDOWS\System32\wintypes.dll
0x00007ffd3f290000 - 0x00007ffd3f4fd000 	C:\Users\luis34288836\AppData\Local\Temp\libasyncProfiler.dll
0x00007ffdcec90000 - 0x00007ffdcf4f0000 	C:\WINDOWS\SYSTEM32\windows.storage.dll
0x00007ffdd2c60000 - 0x00007ffdd2d55000 	C:\WINDOWS\System32\SHCORE.dll
0x00007ffdd3970000 - 0x00007ffdd39da000 	C:\WINDOWS\System32\shlwapi.dll
0x00007ffdd11d0000 - 0x00007ffdd11f9000 	C:\WINDOWS\SYSTEM32\profapi.dll
0x00007ffd530d0000 - 0x00007ffd531a7000 	C:\Users\luis34288836\.jdks\openjdk-24.0.2+12-54\bin\jsvml.dll
0x00007ffd958d0000 - 0x00007ffd958e7000 	C:\Users\luis34288836\.jdks\openjdk-24.0.2+12-54\bin\zip.dll
0x00007ffdbcd80000 - 0x00007ffdbcd90000 	C:\Users\luis34288836\.jdks\openjdk-24.0.2+12-54\bin\net.dll
0x00007ffdd0560000 - 0x00007ffdd05cb000 	C:\WINDOWS\system32\mswsock.dll
0x00007ffd958b0000 - 0x00007ffd958c6000 	C:\Users\luis34288836\.jdks\openjdk-24.0.2+12-54\bin\nio.dll
0x00007ffd95890000 - 0x00007ffd958aa000 	C:\Program Files\JetBrains\IntelliJ IDEA 2023.2.3\bin\breakgen64.dll
0x00007ffdbcba0000 - 0x00007ffdbcba9000 	C:\Users\luis34288836\.jdks\openjdk-24.0.2+12-54\bin\extnet.dll

JVMTI agents:
C:\Program Files\JetBrains\IntelliJ IDEA 2023.2.3\lib\idea_rt.jar path:C:\Users\luis34288836\.jdks\openjdk-24.0.2+12-54\bin\instrument.dll, loaded, initialized, instrumentlib options:2792:C:\Program Files\JetBrains\IntelliJ IDEA 2023.2.3\bin
C:\Users\luis34288836\AppData\Local\Temp\libasyncProfiler.dll path:C:\Users\luis34288836\AppData\Local\Temp\libasyncProfiler.dll, loaded, initialized, options:start,jfr,event=wall,interval=10ms,jfrsync=profile,cstack=no,file=C:\Users\luis34288836\IdeaSnapshots\Principal_2025_08_26_142339.jfr,log=C:\Users\luis34288836\AppData\Local\Temp\Principal_2025_08_26_142339.jfr.log.txt,logLevel=DEBUG

dbghelp: loaded successfully - version: 4.0.5 - missing functions: none
symbol engine: initialized successfully - sym options: 0x614 - pdb path: .;C:\Users\luis34288836\.jdks\openjdk-24.0.2+12-54\bin;C:\WINDOWS\SYSTEM32;C:\WINDOWS\WinSxS\amd64_microsoft.windows.common-controls_6595b64144ccf1df_6.0.26100.4768_none_3e0c112ce331287c;C:\WINDOWS\system32\tmumh\20019\AddOn\8.55.0.1350;C:\WINDOWS\system32\tmumh\20019\TmMon\2.9.0.1217;C:\WINDOWS\System32\TmLWE\TmUmSnsr64\1.0.0.1151;C:\Users\luis34288836\.jdks\openjdk-24.0.2+12-54\bin\server;C:\Users\luis34288836\AppData\Local\Temp;C:\Program Files\JetBrains\IntelliJ IDEA 2023.2.3\bin

VM Arguments:
jvm_args: -javaagent:C:\Program Files\JetBrains\IntelliJ IDEA 2023.2.3\lib\idea_rt.jar=2792:C:\Program Files\JetBrains\IntelliJ IDEA 2023.2.3\bin -agentpath:C:\Users\luis34288836\AppData\Local\Temp\libasyncProfiler.dll=start,jfr,event=wall,interval=10ms,jfrsync=profile,cstack=no,file=C:\Users\luis34288836\IdeaSnapshots\Principal_2025_08_26_142339.jfr,log=C:\Users\luis34288836\AppData\Local\Temp\Principal_2025_08_26_142339.jfr.log.txt,logLevel=DEBUG -Dfile.encoding=UTF-8 -Dsun.stdout.encoding=UTF-8 -Dsun.stderr.encoding=UTF-8 
java_command: Principal
java_class_path (initial): C:\Users\luis34288836\Desktop\Desenvolvimento de Sistemas\IntelliJ\Desafios Alura\Desafios API 04\out\production\26082025;C:\Users\luis34288836\Desktop\Desenvolvimento de Sistemas\gson-2.10.1.jar
Launcher Type: SUN_STANDARD

[Global flags]
     intx CICompilerCount                          = 12                                        {product} {ergonomic}
     uint ConcGCThreads                            = 5                                         {product} {ergonomic}
     bool FlightRecorder                           = true                                      {product} {management}
     uint G1ConcRefinementThreads                  = 18                                        {product} {ergonomic}
   size_t G1HeapRegionSize                         = 2097152                                   {product} {ergonomic}
   size_t InitialHeapSize                          = 264241152                                 {product} {ergonomic}
   size_t MarkStackSize                            = 4194304                                   {product} {ergonomic}
   size_t MarkStackSizeMax                         = 536870912                                 {product} {ergonomic}
   size_t MaxHeapSize                              = 4215275520                                {product} {ergonomic}
   size_t MaxNewSize                               = 2529165312                                {product} {ergonomic}
   size_t MinHeapDeltaBytes                        = 2097152                                   {product} {ergonomic}
   size_t MinHeapSize                              = 8388608                                   {product} {ergonomic}
    uintx NonNMethodCodeHeapSize                   = 7602176                                {pd product} {ergonomic}
    uintx NonProfiledCodeHeapSize                  = 122093568                              {pd product} {ergonomic}
    uintx ProfiledCodeHeapSize                     = 121962496                              {pd product} {ergonomic}
    uintx ReservedCodeCacheSize                    = 251658240                              {pd product} {ergonomic}
     bool SegmentedCodeCache                       = true                                      {product} {ergonomic}
   size_t SoftMaxHeapSize                          = 4215275520                             {manageable} {ergonomic}
     bool UseCompressedOops                        = true                           {product lp64_product} {ergonomic}
     bool UseG1GC                                  = true                                      {product} {ergonomic}
     bool UseLargePagesIndividualAllocation        = false                                  {pd product} {ergonomic}

Logging:
Log output configuration:
 #0: stdout all=warning uptime,level,tags foldmultilines=false
 #1: stderr all=off uptime,level,tags foldmultilines=false

Environment Variables:
PATH=C:\Program Files\Common Files\Oracle\Java\javapath;C:\Python312\Scripts\;C:\Python312\;C:\Program Files\Microsoft\jdk-11.0.16.101-hotspot\bin;C:\Program Files\Python311\Scripts\;C:\Program Files\Python311\;C:\Program Files\Microsoft MPI\Bin\;C:\WINDOWS\system32;C:\WINDOWS;C:\WINDOWS\System32\Wbem;C:\WINDOWS\System32\WindowsPowerShell\v1.0\;C:\WINDOWS\System32\OpenSSH\;C:\Program Files\dotnet\;C:\xampp\php;C:\ProgramData\ComposerSetup\bin;C:\Program Files\Git\cmd;C:\Program Files (x86)\Microsoft SQL Server\160\Tools\Binn\;C:\Program Files\Microsoft SQL Server\160\Tools\Binn\;C:\Program Files\Microsoft SQL Server\Client SDK\ODBC\170\Tools\Binn\;C:\Program Files\Microsoft SQL Server\160\DTS\Binn\;C:\Program Files (x86)\Microsoft SQL Server\160\DTS\Binn\;C:\Program Files\Azure Data Studio\bin;C:\Program Files\Microsoft VS Code\bin;C:\Program Files\Microsoft SQL Server\150\Tools\Binn\;C:\Program Files (x86)\Windows Kits\10\Windows Performance Toolkit\;C:\Program Files\nodejs\;C:\ProgramData\chocolatey\bin;;C:\TDM-GCC-64\bin;C:\Users\luis34288836\AppData\Local\Microsoft\WindowsApps;C:\Gcc\bin;C:\GitHubDesktop\bin
USERNAME=Luis34288836
OS=Windows_NT
PROCESSOR_IDENTIFIER=Intel64 Family 6 Model 183 Stepping 1, GenuineIntel
TMP=C:\Users\LUIS34~1\AppData\Local\Temp
TEMP=C:\Users\LUIS34~1\AppData\Local\Temp




Periodic native trim disabled

---------------  S Y S T E M  ---------------

OS:
 Windows 11 , 64 bit Build 26100 (10.0.26100.4768)
OS uptime: 5 days 20:51 hours
Hyper-V role detected

CPU: total 24 (initial active 24) (12 cores per cpu, 2 threads per core) family 6 model 183 stepping 1 microcode 0x12f, cx8, cmov, fxsr, ht, mmx, 3dnowpref, sse, sse2, sse3, ssse3, sse4.1, sse4.2, popcnt, lzcnt, tsc, tscinvbit, avx, avx2, aes, erms, clmul, bmi1, bmi2, adx, sha, fma, vzeroupper, clflush, clflushopt, clwb, hv, serialize, rdtscp, rdpid, fsrm, gfni, f16c, cet_ibt, cet_ss
Processor Information for the first 24 processors :
  Max Mhz: 2100, Current Mhz: 2100, Mhz Limit: 2100

Memory: 4k page, system-wide physical 16072M (2052M free)
TotalPageFile size 22472M (AvailPageFile size 1010M)
current process WorkingSet (physical memory assigned to process): 85M, peak: 86M
current process commit charge ("private bytes"): 411M, peak: 414M

vm_info: OpenJDK 64-Bit Server VM (24.0.2+12-54) for windows-amd64 JRE (24.0.2+12-54), built on 2025-07-08T12:10:27Z with MS VC++ 17.6 (VS2022)

END.
